<?xml version="1.0" encoding="UTF-8"?>
<!-- Generated by org.testng.reporters.JUnitReportReporter -->
<testsuite hostname="HYD-U9L6HDKVVP6" failures="0" tests="11" name="tests.AdminPageTest" time="120.966" errors="0" timestamp="2025-09-22T20:06:06 IST" skipped="0">
  <testcase classname="tests.AdminPageTest" name="checkEmployementStatus" time="3.335"/>
  <testcase classname="tests.AdminPageTest" name="getOrganizationStructure" time="13.791"/>
  <testcase classname="tests.AdminPageTest" name="checkJobTitles" time="3.817"/>
  <testcase classname="tests.AdminPageTest" name="checkPayGrades" time="3.551"/>
  <testcase classname="tests.AdminPageTest" name="addAndRemovePayGrade" time="12.682"/>
  <testcase classname="tests.AdminPageTest" name="addAndRemovePayGrade" time="12.671"/>
  <testcase classname="tests.AdminPageTest" name="addAndRemoveEmployementStatus" time="14.807"/>
  <testcase classname="tests.AdminPageTest" name="removeUser" time="17.402"/>
  <testcase classname="tests.AdminPageTest" name="addAndRemovePayGrade" time="12.923"/>
  <testcase classname="tests.AdminPageTest" name="addAndRemoveJobTitle" time="16.299"/>
  <testcase classname="tests.AdminPageTest" name="addUserFunctionality" time="9.688"/>
</testsuite> <!-- tests.AdminPageTest -->
