<?xml version="1.0" encoding="UTF-8"?>
<!-- Generated by org.testng.reporters.JUnitReportReporter -->
<testsuite hostname="HYD-U9L6HDKVVP6" failures="0" tests="1" name="tests.PIMPageTest" time="13.295" errors="0" timestamp="2025-10-14T21:52:47 IST" skipped="0">
  <testcase classname="tests.PIMPageTest" name="verifyEmployeeSearch" time="13.295"/>
</testsuite> <!-- tests.PIMPageTest -->
