<?xml version="1.0" encoding="UTF-8"?>
<!-- Generated by org.testng.reporters.JUnitReportReporter -->
<testsuite hostname="HYD-U9L6HDKVVP6" failures="0" tests="6" name="tests.DashboardPageTest" time="5.109" errors="0" timestamp="2025-10-11T11:29:40 IST" skipped="0">
  <testcase classname="tests.DashboardPageTest" name="seeTheMenu" time="1.510"/>
  <testcase classname="tests.DashboardPageTest" name="getDashBoardItems" time="0.218"/>
  <testcase classname="tests.DashboardPageTest" name="getQuickLaunchWidgets" time="0.462"/>
  <testcase classname="tests.DashboardPageTest" name="testPrintPieChart" time="0.346"/>
  <testcase classname="tests.DashboardPageTest" name="getDashboardCustomization" time="0.281"/>
  <testcase classname="tests.DashboardPageTest" name="checkPendingLeaves" time="2.292"/>
</testsuite> <!-- tests.DashboardPageTest -->
