<?xml version="1.0" encoding="UTF-8"?>
<!-- Generated by org.testng.reporters.JUnitReportReporter -->
<testsuite hostname="HYD-U9L6HDKVVP6" failures="0" tests="6" name="tests.DashboardPageTest" time="6.403" errors="0" timestamp="2025-10-06T16:28:53 IST" skipped="0">
  <testcase classname="tests.DashboardPageTest" name="seeTheMenu" time="2.191"/>
  <testcase classname="tests.DashboardPageTest" name="getDashBoardItems" time="0.115"/>
  <testcase classname="tests.DashboardPageTest" name="getQuickLaunchWidgets" time="1.103"/>
  <testcase classname="tests.DashboardPageTest" name="testPrintPieChart" time="0.717"/>
  <testcase classname="tests.DashboardPageTest" name="getDashboardCustomization" time="0.239"/>
  <testcase classname="tests.DashboardPageTest" name="checkPendingLeaves" time="2.038"/>
</testsuite> <!-- tests.DashboardPageTest -->
