<?xml version="1.0" encoding="UTF-8"?>
<!-- Generated by org.testng.reporters.JUnitReportReporter -->
<testsuite hostname="HYD-U9L6HDKVVP6" failures="0" tests="6" name="tests.DashboardPageTest" time="3.895" errors="0" timestamp="2025-10-14T23:57:54 IST" skipped="0">
  <testcase classname="tests.DashboardPageTest" name="seeTheMenu" time="0.353"/>
  <testcase classname="tests.DashboardPageTest" name="getDashBoardItems" time="0.218"/>
  <testcase classname="tests.DashboardPageTest" name="getQuickLaunchWidgets" time="0.483"/>
  <testcase classname="tests.DashboardPageTest" name="testPrintPieChart" time="0.217"/>
  <testcase classname="tests.DashboardPageTest" name="getDashboardCustomization" time="0.261"/>
  <testcase classname="tests.DashboardPageTest" name="checkPendingLeaves" time="2.363"/>
</testsuite> <!-- tests.DashboardPageTest -->
