<?xml version="1.0" encoding="UTF-8"?>
<!-- Generated by org.testng.reporters.JUnitReportReporter -->
<testsuite hostname="HYD-U9L6HDKVVP6" failures="0" tests="2" name="tests.PIMPageTest" time="31.744" errors="0" timestamp="2025-10-06T16:38:21 IST" skipped="0">
  <testcase classname="tests.PIMPageTest" name="addAndDeleteEmployeeFunctionality" time="18.169"/>
  <testcase classname="tests.PIMPageTest" name="verifyEmployeeSearch" time="13.575"/>
</testsuite> <!-- tests.PIMPageTest -->
