<?xml version="1.0" encoding="UTF-8"?>
<!-- Generated by org.testng.reporters.JUnitReportReporter -->
<testsuite hostname="HYD-U9L6HDKVVP6" failures="0" tests="1" name="tests.LoginTest" time="7.748" errors="0" timestamp="2025-09-22T22:27:20 IST" skipped="0">
  <testcase classname="tests.LoginTest" name="testLoginPage" time="7.748"/>
</testsuite> <!-- tests.LoginTest -->
