<?xml version="1.0" encoding="UTF-8"?>
<!-- Generated by org.testng.reporters.JUnitReportReporter -->
<testsuite hostname="HYD-U9L6HDKVVP6" failures="0" tests="3" name="tests.AdminPageTest" time="44.620" errors="0" timestamp="2025-10-14T19:07:49 IST" skipped="0">
  <testcase classname="tests.AdminPageTest" name="addAndRemovePayGrade" time="12.434"/>
  <testcase classname="tests.AdminPageTest" name="addAndRemovePayGrade" time="12.835"/>
  <testcase classname="tests.AdminPageTest" name="addAndRemovePayGrade" time="19.351"/>
</testsuite> <!-- tests.AdminPageTest -->
