<?xml version="1.0" encoding="UTF-8"?>
<!-- Generated by org.testng.reporters.JUnitReportReporter -->
<testsuite hostname="HYD-U9L6HDKVVP6" failures="0" tests="6" name="tests.DashboardPageTest" time="7.429" errors="0" timestamp="2025-10-07T21:41:51 IST" skipped="0">
  <testcase classname="tests.DashboardPageTest" name="seeTheMenu" time="1.514"/>
  <testcase classname="tests.DashboardPageTest" name="getDashBoardItems" time="0.328"/>
  <testcase classname="tests.DashboardPageTest" name="getQuickLaunchWidgets" time="0.544"/>
  <testcase classname="tests.DashboardPageTest" name="testPrintPieChart" time="0.960"/>
  <testcase classname="tests.DashboardPageTest" name="getDashboardCustomization" time="0.384"/>
  <testcase classname="tests.DashboardPageTest" name="checkPendingLeaves" time="3.699"/>
</testsuite> <!-- tests.DashboardPageTest -->
