<?xml version="1.0" encoding="UTF-8"?>
<!-- Generated by org.testng.reporters.JUnitReportReporter -->
<testsuite hostname="HYD-U9L6HDKVVP6" failures="0" tests="2" name="tests.PIMPageTest" time="33.978" errors="0" timestamp="2025-09-22T22:27:49 IST" skipped="0">
  <testcase classname="tests.PIMPageTest" name="verifyEmployeeSearch" time="14.118"/>
  <testcase classname="tests.PIMPageTest" name="addAndDeleteEmployeeFunctionality" time="19.860"/>
</testsuite> <!-- tests.PIMPageTest -->
