<?xml version="1.0" encoding="UTF-8"?>
<!-- Generated by org.testng.reporters.JUnitReportReporter -->
<testsuite hostname="HYD-U9L6HDKVVP6" failures="0" tests="2" name="tests.PIMPageTest" time="49.593" errors="0" timestamp="2025-10-07T21:41:12 IST" skipped="0">
  <testcase classname="tests.PIMPageTest" name="verifyEmployeeSearch" time="23.005"/>
  <testcase classname="tests.PIMPageTest" name="addAndDeleteEmployeeFunctionality" time="26.588"/>
</testsuite> <!-- tests.PIMPageTest -->
