<?xml version="1.0" encoding="UTF-8"?>
<!-- Generated by org.testng.reporters.JUnitReportReporter -->
<testsuite hostname="HYD-U9L6HDKVVP6" failures="0" tests="6" name="tests.DashboardPageTest" time="5.561" errors="0" timestamp="2025-09-22T18:38:57 IST" skipped="0">
  <testcase classname="tests.DashboardPageTest" name="seeTheMenu" time="1.741"/>
  <testcase classname="tests.DashboardPageTest" name="getDashBoardItems" time="0.144"/>
  <testcase classname="tests.DashboardPageTest" name="getQuickLaunchWidgets" time="0.863"/>
  <testcase classname="tests.DashboardPageTest" name="testPrintPieChart" time="0.349"/>
  <testcase classname="tests.DashboardPageTest" name="getDashboardCustomization" time="0.256"/>
  <testcase classname="tests.DashboardPageTest" name="checkPendingLeaves" time="2.208"/>
</testsuite> <!-- tests.DashboardPageTest -->
