<?xml version="1.0" encoding="UTF-8"?>
<!-- Generated by org.testng.reporters.JUnitReportReporter -->
<testsuite hostname="HYD-U9L6HDKVVP6" failures="0" tests="2" name="tests.PIMPageTest" time="47.981" errors="0" timestamp="2025-10-04T15:56:29 IST" skipped="0">
  <testcase classname="tests.PIMPageTest" name="addAndDeleteEmployeeFunctionality" time="27.667"/>
  <testcase classname="tests.PIMPageTest" name="verifyEmployeeSearch" time="20.314"/>
</testsuite> <!-- tests.PIMPageTest -->
