<?xml version="1.0" encoding="UTF-8"?>
<!-- Generated by org.testng.reporters.JUnitReportReporter -->
<testsuite hostname="HYD-U9L6HDKVVP6" failures="0" tests="1" name="tests.LoginTest" time="8.842" errors="0" timestamp="2025-10-11T11:37:22 IST" skipped="0">
  <testcase classname="tests.LoginTest" name="testLoginPage" time="8.842"/>
</testsuite> <!-- tests.LoginTest -->
