<?xml version="1.0" encoding="UTF-8"?>
<!-- Generated by org.testng.reporters.JUnitReportReporter -->
<testsuite hostname="HYD-U9L6HDKVVP6" failures="0" tests="1" name="tests.LoginTest" time="7.652" errors="0" timestamp="2025-10-14T23:57:34 IST" skipped="0">
  <testcase classname="tests.LoginTest" name="testLoginPage" time="7.652"/>
</testsuite> <!-- tests.LoginTest -->
